<?xml version="1.0" encoding="UTF-8"?>
<testsuite xmlns:xsi="http://www.w3.org/2001/XMLSchema-instance" xsi:noNamespaceSchemaLocation="https://maven.apache.org/surefire/maven-surefire-plugin/xsd/surefire-test-report.xsd" name="TestSuite" time="114.096" tests="9" errors="0" skipped="1" failures="3">
  <properties>
[...]
</properties>
  <testcase name="initSetUp" classname="com.midTrans.tests.TC1" time="7.628"/>
  <testcase name="shoppingCart" classname="com.midTrans.tests.TC1" time="2.672"/>
  <testcase name="verifyOrderDetails" classname="com.midTrans.tests.TC1" time="3.983"/>
  <testcase name="verifyPaymentviaCreditCard" classname="com.midTrans.tests.TC1" time="13.747"/>
  <testcase name="verifyOTPInvalid" classname="com.midTrans.tests.TC1" time="0">
    <skipped message="org.openqa.selenium.NoSuchWindowException: no such window&#10;  (Session info: chrome=83.0.4103.106)&#10;Build info: version: &apos;3.141.59&apos;, revision: &apos;e82be7d358&apos;, time: &apos;2018-11-14T08:17:03&apos;&#10;System info: host: &apos;IN-IT3088&apos;, ip: &apos;fe80:0:0:0:1818:2268:6d06:b62c%en0&apos;, os.name: &apos;Mac OS X&apos;, os.arch: &apos;x86_64&apos;, os.version: &apos;10.15.6&apos;, java.version: &apos;14.0.2&apos;&#10;Driver info: io.appium.java_client.android.AndroidDriver&#10;Capabilities {appActivity: com.google.android.apps.chr..., appPackage: com.android.chrome, automationName: UiAutomator2, browserName: Chrome, chromedriver_autodownload: true, databaseEnabled: false, desired: {automationName: UiAutomator2, browserName: Chrome, chromedriver_autodownload: true, deviceName: emulator-5554, platformName: android, showChromedriverLog: true, skipUnlock: false}, deviceApiLevel: 30, deviceManufacturer: Google, deviceModel: sdk_gphone_x86, deviceName: emulator-5554, deviceScreenDensity: 420, deviceScreenSize: 1080x1920, deviceUDID: emulator-5554, javascriptEnabled: true, locationContextEnabled: false, networkConnectionEnabled: true, pixelRatio: 2.625, platform: LINUX, platformName: android, platformVersion: 11, showChromedriverLog: true, skipUnlock: false, statBarHeight: 63, takesScreenshot: true, viewportRect: {height: 1731, left: 0, top: 63, width: 1080}, warnings: {}, webStorageEnabled: false}&#10;Session ID: bcad1d11-aef1-4ca0-8384-c0590a03aafe&#10;*** Element info: {Using=xpath, value=//input[@name=&apos;PaRes&apos;]}"/>
    <system-out><![CDATA[1
]]></system-out>
    <system-err><![CDATA[[main] INFO com.midTrans.Utilities.TestListener - verifyOTPInvalidStarting the execution .....
[main] INFO com.midTrans.Utilities.TestListener - verifyOTPInvalidStarting the execution .....
[main] INFO com.midTrans.Utilities.TestListener - verifyOTPInvalidskipped ....
[main] INFO com.midTrans.Utilities.TestListener - verifyOTPInvalidskipped ....
]]></system-err>
  </testcase>
  <testcase name="verifyOTPInvalid" classname="com.midTrans.tests.TC1" time="11.171">
    <failure message="no such frame&#10;  (Session info: chrome=83.0.4103.106)&#10;Build info: version: &apos;3.141.59&apos;, revision: &apos;e82be7d358&apos;, time: &apos;2018-11-14T08:17:03&apos;&#10;System info: host: &apos;IN-IT3088&apos;, ip: &apos;fe80:0:0:0:1818:2268:6d06:b62c%en0&apos;, os.name: &apos;Mac OS X&apos;, os.arch: &apos;x86_64&apos;, os.version: &apos;10.15.6&apos;, java.version: &apos;14.0.2&apos;&#10;Driver info: io.appium.java_client.android.AndroidDriver&#10;Capabilities {appActivity: com.google.android.apps.chr..., appPackage: com.android.chrome, automationName: UiAutomator2, browserName: Chrome, chromedriver_autodownload: true, databaseEnabled: false, desired: {automationName: UiAutomator2, browserName: Chrome, chromedriver_autodownload: true, deviceName: emulator-5554, platformName: android, showChromedriverLog: true, skipUnlock: false}, deviceApiLevel: 30, deviceManufacturer: Google, deviceModel: sdk_gphone_x86, deviceName: emulator-5554, deviceScreenDensity: 420, deviceScreenSize: 1080x1920, deviceUDID: emulator-5554, javascriptEnabled: true, locationContextEnabled: false, networkConnectionEnabled: true, pixelRatio: 2.625, platform: LINUX, platformName: android, platformVersion: 11, showChromedriverLog: true, skipUnlock: false, statBarHeight: 63, takesScreenshot: true, viewportRect: {height: 1731, left: 0, top: 63, width: 1080}, warnings: {}, webStorageEnabled: false}&#10;Session ID: bcad1d11-aef1-4ca0-8384-c0590a03aafe" type="org.openqa.selenium.NoSuchFrameException">org.openqa.selenium.NoSuchFrameException: 
no such frame
  (Session info: chrome=83.0.4103.106)
Build info: version: '3.141.59', revision: 'e82be7d358', time: '2018-11-14T08:17:03'
System info: host: 'IN-IT3088', ip: 'fe80:0:0:0:1818:2268:6d06:b62c%en0', os.name: 'Mac OS X', os.arch: 'x86_64', os.version: '10.15.6', java.version: '14.0.2'
Driver info: io.appium.java_client.android.AndroidDriver
Capabilities {appActivity: com.google.android.apps.chr..., appPackage: com.android.chrome, automationName: UiAutomator2, browserName: Chrome, chromedriver_autodownload: true, databaseEnabled: false, desired: {automationName: UiAutomator2, browserName: Chrome, chromedriver_autodownload: true, deviceName: emulator-5554, platformName: android, showChromedriverLog: true, skipUnlock: false}, deviceApiLevel: 30, deviceManufacturer: Google, deviceModel: sdk_gphone_x86, deviceName: emulator-5554, deviceScreenDensity: 420, deviceScreenSize: 1080x1920, deviceUDID: emulator-5554, javascriptEnabled: true, locationContextEnabled: false, networkConnectionEnabled: true, pixelRatio: 2.625, platform: LINUX, platformName: android, platformVersion: 11, showChromedriverLog: true, skipUnlock: false, statBarHeight: 63, takesScreenshot: true, viewportRect: {height: 1731, left: 0, top: 63, width: 1080}, warnings: {}, webStorageEnabled: false}
Session ID: bcad1d11-aef1-4ca0-8384-c0590a03aafe
	at com.midTrans.tests.TC1.verifyOTPInvalid(TC1.java:187)
</failure>
    <system-out><![CDATA[0
]]></system-out>
    <system-err><![CDATA[[main] INFO com.midTrans.Utilities.TestListener - verifyOTPInvalidStarting the execution .....
[main] INFO com.midTrans.Utilities.TestListener - verifyOTPInvalidStarting the execution .....
[main] INFO com.midTrans.Utilities.TestListener - verifyOTPInvalidCompleted without any error .....
[main] INFO com.midTrans.Utilities.TestListener - Screenshot embedded for TC : verifyOTPInvalid
[main] INFO com.midTrans.Utilities.TestListener - Screenshot embedded for TC : null
[main] INFO com.midTrans.Utilities.TestListener - verifyOTPInvalidCompleted without any error .....
[main] INFO com.midTrans.Utilities.TestListener - Screenshot embedded for TC : verifyOTPInvalid
[main] INFO com.midTrans.Utilities.TestListener - Screenshot embedded for TC : null
]]></system-err>
  </testcase>
  <testcase name="verifyOTPvalid" classname="com.midTrans.tests.TC1" time="12.446">
    <failure message="Can&apos;t locate an element by this strategy: By.xpath: //div[@class=&apos;text-button-main&apos;]//span[text()=&apos;Use Another Payment Options&apos;]" type="org.openqa.selenium.NoSuchElementException">org.openqa.selenium.NoSuchElementException: Can't locate an element by this strategy: By.xpath: //div[@class='text-button-main']//span[text()='Use Another Payment Options']
	at com.midTrans.tests.TC1.verifyOTPvalid(TC1.java:219)
Caused by: org.openqa.selenium.TimeoutException: Expected condition failed: waiting for io.appium.java_client.pagefactory.AppiumElementLocator$WaitingFunction@2dcd451f (tried for 1 second(s) with 500 milliseconds interval)
	at com.midTrans.tests.TC1.verifyOTPvalid(TC1.java:219)
Caused by: org.openqa.selenium.NoSuchElementException: 
no such element: Unable to locate element: {"method":"xpath","selector":"//div[@class='text-button-main']//span[text()='Use Another Payment Options']"}
  (Session info: chrome=83.0.4103.106)
For documentation on this error, please visit: https://www.seleniumhq.org/exceptions/no_such_element.html
Build info: version: '3.141.59', revision: 'e82be7d358', time: '2018-11-14T08:17:03'
System info: host: 'IN-IT3088', ip: 'fe80:0:0:0:1818:2268:6d06:b62c%en0', os.name: 'Mac OS X', os.arch: 'x86_64', os.version: '10.15.6', java.version: '14.0.2'
Driver info: io.appium.java_client.android.AndroidDriver
Capabilities {appActivity: com.google.android.apps.chr..., appPackage: com.android.chrome, automationName: UiAutomator2, browserName: Chrome, chromedriver_autodownload: true, databaseEnabled: false, desired: {automationName: UiAutomator2, browserName: Chrome, chromedriver_autodownload: true, deviceName: emulator-5554, platformName: android, showChromedriverLog: true, skipUnlock: false}, deviceApiLevel: 30, deviceManufacturer: Google, deviceModel: sdk_gphone_x86, deviceName: emulator-5554, deviceScreenDensity: 420, deviceScreenSize: 1080x1920, deviceUDID: emulator-5554, javascriptEnabled: true, locationContextEnabled: false, networkConnectionEnabled: true, pixelRatio: 2.625, platform: LINUX, platformName: android, platformVersion: 11, showChromedriverLog: true, skipUnlock: false, statBarHeight: 63, takesScreenshot: true, viewportRect: {height: 1731, left: 0, top: 63, width: 1080}, warnings: {}, webStorageEnabled: false}
Session ID: bcad1d11-aef1-4ca0-8384-c0590a03aafe
*** Element info: {Using=xpath, value=//div[@class='text-button-main']//span[text()='Use Another Payment Options']}
	at com.midTrans.tests.TC1.verifyOTPvalid(TC1.java:219)
</failure>
    <system-err><![CDATA[[main] INFO com.midTrans.Utilities.TestListener - verifyOTPvalidStarting the execution .....
[main] INFO com.midTrans.Utilities.TestListener - verifyOTPvalidStarting the execution .....
[main] INFO com.midTrans.Utilities.TestListener - verifyOTPvalidCompleted without any error .....
[main] INFO com.midTrans.Utilities.TestListener - Screenshot embedded for TC : verifyOTPvalid
[main] INFO com.midTrans.Utilities.TestListener - Screenshot embedded for TC : null
[main] INFO com.midTrans.Utilities.TestListener - verifyOTPvalidCompleted without any error .....
[main] INFO com.midTrans.Utilities.TestListener - Screenshot embedded for TC : verifyOTPvalid
[main] INFO com.midTrans.Utilities.TestListener - Screenshot embedded for TC : null
]]></system-err>
  </testcase>
  <testcase name="verifySuccessMessage" classname="com.midTrans.tests.TC1" time="11.205">
    <failure message="Index 0 out of bounds for length 0" type="java.lang.IndexOutOfBoundsException">java.lang.IndexOutOfBoundsException: Index 0 out of bounds for length 0
	at com.midTrans.tests.TC1.verifySuccessMessage(TC1.java:246)
</failure>
    <system-err><![CDATA[[main] INFO com.midTrans.Utilities.TestListener - verifySuccessMessageStarting the execution .....
[main] INFO com.midTrans.Utilities.TestListener - verifySuccessMessageStarting the execution .....
[main] INFO com.midTrans.Utilities.TestListener - verifySuccessMessageCompleted without any error .....
[main] INFO com.midTrans.Utilities.TestListener - Screenshot embedded for TC : verifySuccessMessage
[main] INFO com.midTrans.Utilities.TestListener - Screenshot embedded for TC : null
[main] INFO com.midTrans.Utilities.TestListener - verifySuccessMessageCompleted without any error .....
[main] INFO com.midTrans.Utilities.TestListener - Screenshot embedded for TC : verifySuccessMessage
[main] INFO com.midTrans.Utilities.TestListener - Screenshot embedded for TC : null
]]></system-err>
  </testcase>
  <testcase name="iterateSimultaneously" classname="com.midTrans.tests.TC2" time="11.403"/>
</testsuite>